c:\users\pinte\documents\visual studio 2015\projects\hamk_thesis\hamk_thesis\debug\vc140.pdb
c:\users\pinte\documents\visual studio 2015\projects\hamk_thesis\hamk_thesis\debug\vc140.idb
c:\users\pinte\documents\visual studio 2015\projects\hamk_thesis\hamk_thesis\debug\cevocontroller.obj
c:\users\pinte\documents\visual studio 2015\projects\hamk_thesis\hamk_thesis\debug\cpopulation.obj
c:\users\pinte\documents\visual studio 2015\projects\hamk_thesis\hamk_thesis\debug\cneuralnet.obj
c:\users\pinte\documents\visual studio 2015\projects\hamk_thesis\hamk_thesis\debug\cparams.obj
c:\users\pinte\documents\visual studio 2015\projects\hamk_thesis\hamk_thesis\debug\crockethud.obj
c:\users\pinte\documents\visual studio 2015\projects\hamk_thesis\hamk_thesis\debug\main.obj
c:\users\pinte\documents\visual studio 2015\projects\hamk_thesis\hamk_thesis\debug\crocketcontroller.obj
c:\users\pinte\documents\visual studio 2015\projects\hamk_thesis\hamk_thesis\debug\crockethc.obj
c:\users\pinte\documents\visual studio 2015\projects\hamk_thesis\hamk_thesis\debug\crocketnn.obj
c:\users\pinte\documents\visual studio 2015\projects\hamk_thesis\hamk_thesis\debug\crocketrnd.obj
c:\users\pinte\documents\visual studio 2015\projects\hamk_thesis\hamk_thesis\debug\utilities.obj
c:\users\pinte\documents\visual studio 2015\projects\hamk_thesis\debug\hamk_thesis.ilk
c:\users\pinte\documents\visual studio 2015\projects\hamk_thesis\debug\hamk_thesis.exe
c:\users\pinte\documents\visual studio 2015\projects\hamk_thesis\debug\hamk_thesis.pdb
c:\users\pinte\documents\visual studio 2015\projects\hamk_thesis\hamk_thesis\debug\hamk_thesis.tlog\cl.command.1.tlog
c:\users\pinte\documents\visual studio 2015\projects\hamk_thesis\hamk_thesis\debug\hamk_thesis.tlog\cl.read.1.tlog
c:\users\pinte\documents\visual studio 2015\projects\hamk_thesis\hamk_thesis\debug\hamk_thesis.tlog\cl.write.1.tlog
c:\users\pinte\documents\visual studio 2015\projects\hamk_thesis\hamk_thesis\debug\hamk_thesis.tlog\link.command.1.tlog
c:\users\pinte\documents\visual studio 2015\projects\hamk_thesis\hamk_thesis\debug\hamk_thesis.tlog\link.read.1.tlog
c:\users\pinte\documents\visual studio 2015\projects\hamk_thesis\hamk_thesis\debug\hamk_thesis.tlog\link.write.1.tlog
