Build started 17/05/2016 18:43:17.
     1>Project "C:\Users\pinte\Documents\Visual Studio 2015\Projects\HAMK_Thesis\HAMK_Thesis\HAMK_Thesis.vcxproj" on node 2 (Build target(s)).
     1>ClCompile:
         C:\Program Files (x86)\Microsoft Visual Studio 14.0\VC\bin\CL.exe /c /I"C:\Users\pinte\Documents\Prog\libraries\SFML-2.3.2\include" /ZI /nologo /W3 /WX- /sdl /Od /Oy- /D _MBCS /Gm /EHsc /RTC1 /MDd /GS /fp:precise /Zc:wchar_t /Zc:forScope /Zc:inline /Fo"Debug\\" /Fd"Debug\vc140.pdb" /Gd /TP /analyze- /errorReport:prompt GraphicalRun.cpp Manager.cpp Population.cpp
         Population.cpp
     1>c:\users\pinte\documents\visual studio 2015\projects\hamk_thesis\hamk_thesis\utilities.h(32): warning C4244: 'return': conversion from 'double' to 'float', possible loss of data
     1>c:\users\pinte\documents\visual studio 2015\projects\hamk_thesis\hamk_thesis\population.cpp(60): warning C4018: '<': signed/unsigned mismatch
     1>c:\users\pinte\documents\visual studio 2015\projects\hamk_thesis\hamk_thesis\population.cpp(61): warning C4018: '<': signed/unsigned mismatch
     1>c:\users\pinte\documents\visual studio 2015\projects\hamk_thesis\hamk_thesis\population.cpp(125): warning C4305: 'initializing': truncation from 'double' to 'float'
     1>c:\users\pinte\documents\visual studio 2015\projects\hamk_thesis\hamk_thesis\population.cpp(129): warning C4018: '<': signed/unsigned mismatch
     1>c:\users\pinte\documents\visual studio 2015\projects\hamk_thesis\hamk_thesis\population.cpp(135): warning C4018: '<': signed/unsigned mismatch
         Manager.cpp
     1>c:\users\pinte\documents\visual studio 2015\projects\hamk_thesis\hamk_thesis\utilities.h(32): warning C4244: 'return': conversion from 'double' to 'float', possible loss of data
     1>c:\users\pinte\documents\visual studio 2015\projects\hamk_thesis\hamk_thesis\rocketnn.h(20): warning C4244: 'initializing': conversion from 'double' to 'float', possible loss of data
     1>c:\users\pinte\documents\visual studio 2015\projects\hamk_thesis\hamk_thesis\manager.cpp(89): warning C4018: '>': signed/unsigned mismatch
         GraphicalRun.cpp
     1>c:\users\pinte\documents\visual studio 2015\projects\hamk_thesis\hamk_thesis\utilities.h(32): warning C4244: 'return': conversion from 'double' to 'float', possible loss of data
     1>c:\users\pinte\documents\visual studio 2015\projects\hamk_thesis\hamk_thesis\rocketnn.h(20): warning C4244: 'initializing': conversion from 'double' to 'float', possible loss of data
         Generating Code...
       Link:
         C:\Program Files (x86)\Microsoft Visual Studio 14.0\VC\bin\link.exe /ERRORREPORT:PROMPT /OUT:"C:\Users\pinte\Documents\Visual Studio 2015\Projects\HAMK_Thesis\Debug\HAMK_Thesis.exe" /INCREMENTAL /NOLOGO /LIBPATH:"C:\Users\pinte\Documents\Prog\libraries\SFML-2.3.2\lib" "sfml-graphics-d.lib" "sfml-window-d.lib" "sfml-system-d.lib" kernel32.lib user32.lib gdi32.lib winspool.lib comdlg32.lib advapi32.lib shell32.lib ole32.lib oleaut32.lib uuid.lib odbc32.lib odbccp32.lib kernel32.lib user32.lib gdi32.lib winspool.lib comdlg32.lib advapi32.lib shell32.lib ole32.lib oleaut32.lib uuid.lib odbc32.lib odbccp32.lib /MANIFEST /MANIFESTUAC:"level='asInvoker' uiAccess='false'" /manifest:embed /Debug /PDB:"C:\Users\pinte\Documents\Visual Studio 2015\Projects\HAMK_Thesis\Debug\HAMK_Thesis.pdb" /TLBID:1 /DYNAMICBASE /NXCOMPAT /IMPLIB:"C:\Users\pinte\Documents\Visual Studio 2015\Projects\HAMK_Thesis\Debug\HAMK_Thesis.lib" /MACHINE:X86 Debug\GUI.obj
         Debug\Interceptor.obj
         Debug\Object.obj
         Debug\Population.obj
         Debug\NeuralNet.obj
         Debug\Params.obj
         Debug\Bandit.obj
         Debug\RocketHUD.obj
         Debug\GraphicalRun.obj
         Debug\main.obj
         Debug\RocketController.obj
         Debug\RocketHC.obj
         Debug\RocketNN.obj
         Debug\Manager.obj
         Debug\PerformanceRun.obj
         Debug\Sandbox.obj
         Debug\Target.obj
         Debug\Utilities.obj
         HAMK_Thesis.vcxproj -> C:\Users\pinte\Documents\Visual Studio 2015\Projects\HAMK_Thesis\Debug\HAMK_Thesis.exe
     1>Done Building Project "C:\Users\pinte\Documents\Visual Studio 2015\Projects\HAMK_Thesis\HAMK_Thesis\HAMK_Thesis.vcxproj" (Build target(s)).

Build succeeded.

Time Elapsed 00:00:05.55
